<?xml version="1.0" encoding="UTF-8"?>
<!-- Generated by org.testng.reporters.JUnitReportReporter -->
<testsuite skipped="0" hostname="DESKTOP-B1HDJAB" name="OrgTest.CreateOrgTest" tests="2" failures="0" timestamp="2022-03-14T16:10:48 IST" time="0.013" errors="0">
  <testcase name="createOrgTest1" time="0.002" classname="OrgTest.CreateOrgTest"/>
  <system-out/>
  <testcase name="createOrgTest" time="0.011" classname="OrgTest.CreateOrgTest"/>
  <system-out/>
</testsuite> <!-- OrgTest.CreateOrgTest -->
