<?xml version="1.0" encoding="UTF-8"?>
<!-- Generated by org.testng.reporters.JUnitReportReporter -->
<testsuite skipped="0" hostname="DESKTOP-B1HDJAB" name="ContactTest.ReadDataTest" tests="1" failures="0" timestamp="2022-03-14T16:12:57 IST" time="0.010" errors="0">
  <testcase name="readDataTest" time="0.010" classname="ContactTest.ReadDataTest"/>
  <system-out/>
</testsuite> <!-- ContactTest.ReadDataTest -->
